<?xml version="1.0" encoding="UTF-8"?>
<!-- Generated by org.testng.reporters.JUnitReportReporter -->
<testsuite skipped="0" hostname="US28981" name="test.ListCustomerTest" tests="1" failures="0" timestamp="2022-06-22T01:12:38 CDT" time="16.623" errors="0">
  <testcase name="userShouldBeAbleToAddCustomerFromListCustomer" time="16.623" classname="test.ListCustomerTest"/>
  <system-out/>
</testsuite> <!-- test.ListCustomerTest -->
