<?xml version="1.0" encoding="UTF-8"?>
<!-- Generated by org.testng.reporters.JUnitReportReporter -->
<testsuite skipped="0" hostname="US28981" name="test.AddContactTest" tests="1" failures="0" timestamp="2022-06-22T01:12:38 CDT" time="11.976" errors="0">
  <testcase name="userShouldBeAbleToAddCustomer" time="11.976" classname="test.AddContactTest"/>
  <system-out/>
</testsuite> <!-- test.AddContactTest -->
